<?xml version="1.0" encoding="UTF-8"?>
<coverage generated="1622673940804" clover="3.2.0">
  <project timestamp="1622673940804" name="All files">
    <metrics statements="53" coveredstatements="46" conditionals="6" coveredconditionals="5" methods="9" coveredmethods="9" elements="68" coveredelements="60" complexity="0" loc="53" ncloc="53" packages="2" files="2" classes="2"/>
    <package name="constructor">
      <metrics statements="47" coveredstatements="40" conditionals="6" coveredconditionals="5" methods="8" coveredmethods="8"/>
      <file name="chitter.js" path="/Users/benlawrence/Desktop/Projects_Makes/Javascript_project/Chitter_JS/constructor/chitter.js">
        <metrics statements="47" coveredstatements="40" conditionals="6" coveredconditionals="5" methods="8" coveredmethods="8"/>
        <line num="1" count="1" type="stmt"/>
        <line num="2" count="1" type="stmt"/>
        <line num="7" count="1" type="stmt"/>
        <line num="17" count="2" type="stmt"/>
        <line num="18" count="2" type="stmt"/>
        <line num="19" count="2" type="stmt"/>
        <line num="23" count="3" type="stmt"/>
        <line num="24" count="3" type="cond" truecount="1" falsecount="1"/>
        <line num="25" count="3" type="stmt"/>
        <line num="26" count="3" type="stmt"/>
        <line num="30" count="3" type="stmt"/>
        <line num="31" count="3" type="stmt"/>
        <line num="32" count="3" type="stmt"/>
        <line num="34" count="0" type="stmt"/>
        <line num="35" count="0" type="stmt"/>
        <line num="36" count="0" type="stmt"/>
        <line num="40" count="0" type="stmt"/>
        <line num="45" count="4" type="stmt"/>
        <line num="46" count="4" type="stmt"/>
        <line num="47" count="13" type="stmt"/>
        <line num="50" count="0" type="stmt"/>
        <line num="55" count="2" type="stmt"/>
        <line num="56" count="2" type="stmt"/>
        <line num="59" count="1" type="stmt"/>
        <line num="63" count="1" type="stmt"/>
        <line num="69" count="2" type="stmt"/>
        <line num="70" count="2" type="stmt"/>
        <line num="71" count="1" type="stmt"/>
        <line num="75" count="1" type="stmt"/>
        <line num="80" count="4" type="stmt"/>
        <line num="81" count="4" type="stmt"/>
        <line num="82" count="4" type="cond" truecount="2" falsecount="0"/>
        <line num="83" count="1" type="stmt"/>
        <line num="85" count="3" type="stmt"/>
        <line num="89" count="0" type="stmt"/>
        <line num="90" count="0" type="stmt"/>
        <line num="95" count="6" type="stmt"/>
        <line num="96" count="6" type="stmt"/>
        <line num="97" count="6" type="cond" truecount="2" falsecount="0"/>
        <line num="98" count="4" type="stmt"/>
        <line num="99" count="3" type="stmt"/>
        <line num="100" count="3" type="stmt"/>
        <line num="102" count="2" type="stmt"/>
        <line num="106" count="1" type="stmt"/>
        <line num="160" count="1" type="stmt"/>
        <line num="161" count="1" type="stmt"/>
        <line num="163" count="1" type="stmt"/>
      </file>
    </package>
    <package name="spec">
      <metrics statements="6" coveredstatements="6" conditionals="0" coveredconditionals="0" methods="1" coveredmethods="1"/>
      <file name="setup_database.js" path="/Users/benlawrence/Desktop/Projects_Makes/Javascript_project/Chitter_JS/spec/setup_database.js">
        <metrics statements="6" coveredstatements="6" conditionals="0" coveredconditionals="0" methods="1" coveredmethods="1"/>
        <line num="1" count="1" type="stmt"/>
        <line num="3" count="1" type="stmt"/>
        <line num="9" count="1" type="stmt"/>
        <line num="10" count="1" type="stmt"/>
        <line num="11" count="1" type="stmt"/>
        <line num="14" count="1" type="stmt"/>
      </file>
    </package>
  </project>
</coverage>
