{"/Users/benlawrence/Desktop/Projects_Makes/Javascript_project/Chitter_JS/constructor/chitter.js": {"path":"/Users/benlawrence/Desktop/Projects_Makes/Javascript_project/Chitter_JS/constructor/chitter.js","statementMap":{"0":{"start":{"line":1,"column":17},"end":{"line":1,"column":30}},"1":{"start":{"line":2,"column":15},"end":{"line":2,"column":40}},"2":{"start":{"line":7,"column":13},"end":{"line":10,"column":2}},"3":{"start":{"line":17,"column":23},"end":{"line":17,"column":38}},"4":{"start":{"line":18,"column":8},"end":{"line":18,"column":30}},"5":{"start":{"line":19,"column":8},"end":{"line":19,"column":19}},"6":{"start":{"line":23,"column":8},"end":{"line":42,"column":9}},"7":{"start":{"line":24,"column":12},"end":{"line":37,"column":13}},"8":{"start":{"line":25,"column":20},"end":{"line":25,"column":62}},"9":{"start":{"line":26,"column":33},"end":{"line":29,"column":22}},"10":{"start":{"line":30,"column":20},"end":{"line":30,"column":40}},"11":{"start":{"line":31,"column":20},"end":{"line":31,"column":33}},"12":{"start":{"line":32,"column":16},"end":{"line":32,"column":27}},"13":{"start":{"line":34,"column":20},"end":{"line":34,"column":57}},"14":{"start":{"line":35,"column":20},"end":{"line":35,"column":40}},"15":{"start":{"line":36,"column":20},"end":{"line":36,"column":33}},"16":{"start":{"line":40,"column":12},"end":{"line":40,"column":49}},"17":{"start":{"line":41,"column":12},"end":{"line":41,"column":24}},"18":{"start":{"line":46,"column":8},"end":{"line":52,"column":9}},"19":{"start":{"line":47,"column":28},"end":{"line":47,"column":81}},"20":{"start":{"line":48,"column":12},"end":{"line":48,"column":165}},"21":{"start":{"line":48,"column":48},"end":{"line":48,"column":162}},"22":{"start":{"line":51,"column":12},"end":{"line":51,"column":22}},"23":{"start":{"line":56,"column":8},"end":{"line":64,"column":9}},"24":{"start":{"line":57,"column":12},"end":{"line":57,"column":165}},"25":{"start":{"line":58,"column":12},"end":{"line":58,"column":39}},"26":{"start":{"line":59,"column":12},"end":{"line":59,"column":23}},"27":{"start":{"line":63,"column":12},"end":{"line":63,"column":24}},"28":{"start":{"line":69,"column":8},"end":{"line":76,"column":9}},"29":{"start":{"line":70,"column":12},"end":{"line":70,"column":87}},"30":{"start":{"line":71,"column":12},"end":{"line":71,"column":23}},"31":{"start":{"line":75,"column":12},"end":{"line":75,"column":25}},"32":{"start":{"line":80,"column":8},"end":{"line":91,"column":9}},"33":{"start":{"line":81,"column":27},"end":{"line":81,"column":149}},"34":{"start":{"line":82,"column":12},"end":{"line":86,"column":13}},"35":{"start":{"line":83,"column":16},"end":{"line":83,"column":140}},"36":{"start":{"line":85,"column":16},"end":{"line":85,"column":30}},"37":{"start":{"line":89,"column":12},"end":{"line":89,"column":26}},"38":{"start":{"line":90,"column":12},"end":{"line":90,"column":24}},"39":{"start":{"line":95,"column":8},"end":{"line":107,"column":9}},"40":{"start":{"line":96,"column":28},"end":{"line":96,"column":137}},"41":{"start":{"line":97,"column":12},"end":{"line":103,"column":13}},"42":{"start":{"line":98,"column":16},"end":{"line":98,"column":154}},"43":{"start":{"line":99,"column":16},"end":{"line":99,"column":43}},"44":{"start":{"line":100,"column":16},"end":{"line":100,"column":27}},"45":{"start":{"line":102,"column":16},"end":{"line":102,"column":30}},"46":{"start":{"line":106,"column":12},"end":{"line":106,"column":24}},"47":{"start":{"line":112,"column":8},"end":{"line":112,"column":23}},"48":{"start":{"line":113,"column":8},"end":{"line":125,"column":9}},"49":{"start":{"line":114,"column":12},"end":{"line":120,"column":14}},"50":{"start":{"line":115,"column":16},"end":{"line":119,"column":17}},"51":{"start":{"line":116,"column":37},"end":{"line":116,"column":129}},"52":{"start":{"line":117,"column":39},"end":{"line":117,"column":122}},"53":{"start":{"line":118,"column":20},"end":{"line":118,"column":69}},"54":{"start":{"line":121,"column":12},"end":{"line":121,"column":23}},"55":{"start":{"line":124,"column":12},"end":{"line":124,"column":24}},"56":{"start":{"line":130,"column":8},"end":{"line":156,"column":9}},"57":{"start":{"line":131,"column":12},"end":{"line":131,"column":30}},"58":{"start":{"line":132,"column":12},"end":{"line":132,"column":58}},"59":{"start":{"line":133,"column":24},"end":{"line":144,"column":13}},"60":{"start":{"line":145,"column":12},"end":{"line":152,"column":14}},"61":{"start":{"line":148,"column":12},"end":{"line":148,"column":37}},"62":{"start":{"line":151,"column":16},"end":{"line":151,"column":50}},"63":{"start":{"line":155,"column":12},"end":{"line":155,"column":24}},"64":{"start":{"line":162,"column":0},"end":{"line":162,"column":23}},"65":{"start":{"line":163,"column":0},"end":{"line":163,"column":13}},"66":{"start":{"line":165,"column":0},"end":{"line":165,"column":28}}},"fnMap":{"0":{"name":"(anonymous_0)","decl":{"start":{"line":16,"column":4},"end":{"line":16,"column":5}},"loc":{"start":{"line":16,"column":18},"end":{"line":20,"column":5}},"line":16},"1":{"name":"(anonymous_1)","decl":{"start":{"line":22,"column":4},"end":{"line":22,"column":5}},"loc":{"start":{"line":22,"column":20},"end":{"line":43,"column":5}},"line":22},"2":{"name":"(anonymous_2)","decl":{"start":{"line":45,"column":4},"end":{"line":45,"column":5}},"loc":{"start":{"line":45,"column":23},"end":{"line":53,"column":5}},"line":45},"3":{"name":"(anonymous_3)","decl":{"start":{"line":48,"column":36},"end":{"line":48,"column":37}},"loc":{"start":{"line":48,"column":48},"end":{"line":48,"column":162}},"line":48},"4":{"name":"(anonymous_4)","decl":{"start":{"line":55,"column":4},"end":{"line":55,"column":5}},"loc":{"start":{"line":55,"column":31},"end":{"line":65,"column":5}},"line":55},"5":{"name":"(anonymous_5)","decl":{"start":{"line":67,"column":4},"end":{"line":67,"column":5}},"loc":{"start":{"line":67,"column":28},"end":{"line":77,"column":5}},"line":67},"6":{"name":"(anonymous_6)","decl":{"start":{"line":79,"column":4},"end":{"line":79,"column":5}},"loc":{"start":{"line":79,"column":41},"end":{"line":92,"column":5}},"line":79},"7":{"name":"(anonymous_7)","decl":{"start":{"line":94,"column":4},"end":{"line":94,"column":5}},"loc":{"start":{"line":94,"column":53},"end":{"line":108,"column":5}},"line":94},"8":{"name":"(anonymous_8)","decl":{"start":{"line":110,"column":4},"end":{"line":110,"column":5}},"loc":{"start":{"line":110,"column":26},"end":{"line":126,"column":5}},"line":110},"9":{"name":"(anonymous_9)","decl":{"start":{"line":114,"column":36},"end":{"line":114,"column":37}},"loc":{"start":{"line":114,"column":50},"end":{"line":120,"column":13}},"line":114},"10":{"name":"(anonymous_10)","decl":{"start":{"line":129,"column":4},"end":{"line":129,"column":5}},"loc":{"start":{"line":129,"column":43},"end":{"line":157,"column":5}},"line":129},"11":{"name":"(anonymous_11)","decl":{"start":{"line":147,"column":18},"end":{"line":147,"column":19}},"loc":{"start":{"line":147,"column":24},"end":{"line":149,"column":13}},"line":147},"12":{"name":"(anonymous_12)","decl":{"start":{"line":150,"column":19},"end":{"line":150,"column":20}},"loc":{"start":{"line":150,"column":30},"end":{"line":152,"column":13}},"line":150}},"branchMap":{"0":{"loc":{"start":{"line":24,"column":12},"end":{"line":37,"column":13}},"type":"if","locations":[{"start":{"line":24,"column":12},"end":{"line":37,"column":13}},{"start":{"line":24,"column":12},"end":{"line":37,"column":13}}],"line":24},"1":{"loc":{"start":{"line":82,"column":12},"end":{"line":86,"column":13}},"type":"if","locations":[{"start":{"line":82,"column":12},"end":{"line":86,"column":13}},{"start":{"line":82,"column":12},"end":{"line":86,"column":13}}],"line":82},"2":{"loc":{"start":{"line":97,"column":12},"end":{"line":103,"column":13}},"type":"if","locations":[{"start":{"line":97,"column":12},"end":{"line":103,"column":13}},{"start":{"line":97,"column":12},"end":{"line":103,"column":13}}],"line":97},"3":{"loc":{"start":{"line":115,"column":16},"end":{"line":119,"column":17}},"type":"if","locations":[{"start":{"line":115,"column":16},"end":{"line":119,"column":17}},{"start":{"line":115,"column":16},"end":{"line":119,"column":17}}],"line":115}},"s":{"0":1,"1":1,"2":1,"3":2,"4":2,"5":2,"6":2,"7":2,"8":2,"9":2,"10":2,"11":2,"12":2,"13":0,"14":0,"15":0,"16":0,"17":0,"18":4,"19":4,"20":4,"21":13,"22":0,"23":5,"24":5,"25":4,"26":4,"27":1,"28":2,"29":2,"30":1,"31":1,"32":4,"33":4,"34":4,"35":1,"36":3,"37":0,"38":0,"39":6,"40":6,"41":6,"42":4,"43":3,"44":3,"45":2,"46":1,"47":6,"48":6,"49":6,"50":30,"51":1,"52":0,"53":0,"54":5,"55":1,"56":2,"57":2,"58":0,"59":0,"60":0,"61":0,"62":0,"63":2,"64":1,"65":1,"66":1},"f":{"0":2,"1":2,"2":4,"3":13,"4":5,"5":2,"6":4,"7":6,"8":6,"9":30,"10":2,"11":0,"12":0},"b":{"0":[2,0],"1":[1,3],"2":[4,2],"3":[1,29]},"_coverageSchema":"1a1c01bbd47fc00a2c39e90264f33305004495a9","hash":"04d5945f2deeb330aaf91c1624915ad159d91187"}
,"/Users/benlawrence/Desktop/Projects_Makes/Javascript_project/Chitter_JS/spec/setup_database.js": {"path":"/Users/benlawrence/Desktop/Projects_Makes/Javascript_project/Chitter_JS/spec/setup_database.js","statementMap":{"0":{"start":{"line":1,"column":17},"end":{"line":1,"column":30}},"1":{"start":{"line":3,"column":13},"end":{"line":6,"column":2}},"2":{"start":{"line":9,"column":4},"end":{"line":9,"column":18}},"3":{"start":{"line":10,"column":4},"end":{"line":10,"column":67}},"4":{"start":{"line":11,"column":4},"end":{"line":11,"column":66}},"5":{"start":{"line":14,"column":0},"end":{"line":14,"column":24}}},"fnMap":{"0":{"name":"setup","decl":{"start":{"line":8,"column":9},"end":{"line":8,"column":14}},"loc":{"start":{"line":8,"column":17},"end":{"line":12,"column":1}},"line":8}},"branchMap":{},"s":{"0":1,"1":1,"2":1,"3":1,"4":1,"5":1},"f":{"0":1},"b":{},"_coverageSchema":"1a1c01bbd47fc00a2c39e90264f33305004495a9","hash":"8e629941bb911558c73aa28fd87d25dad5ecebe6"}
}
