{"/Users/benlawrence/Desktop/Projects_Makes/Javascript_project/Chitter_JS/constructor/chitter.js": {"path":"/Users/benlawrence/Desktop/Projects_Makes/Javascript_project/Chitter_JS/constructor/chitter.js","statementMap":{"0":{"start":{"line":1,"column":17},"end":{"line":1,"column":30}},"1":{"start":{"line":2,"column":15},"end":{"line":2,"column":40}},"2":{"start":{"line":9,"column":13},"end":{"line":12,"column":2}},"3":{"start":{"line":19,"column":23},"end":{"line":19,"column":38}},"4":{"start":{"line":20,"column":8},"end":{"line":20,"column":30}},"5":{"start":{"line":21,"column":8},"end":{"line":21,"column":19}},"6":{"start":{"line":25,"column":8},"end":{"line":43,"column":9}},"7":{"start":{"line":26,"column":12},"end":{"line":39,"column":13}},"8":{"start":{"line":27,"column":20},"end":{"line":27,"column":62}},"9":{"start":{"line":28,"column":33},"end":{"line":31,"column":22}},"10":{"start":{"line":32,"column":20},"end":{"line":32,"column":40}},"11":{"start":{"line":33,"column":20},"end":{"line":33,"column":33}},"12":{"start":{"line":34,"column":16},"end":{"line":34,"column":27}},"13":{"start":{"line":36,"column":20},"end":{"line":36,"column":57}},"14":{"start":{"line":37,"column":20},"end":{"line":37,"column":40}},"15":{"start":{"line":38,"column":20},"end":{"line":38,"column":33}},"16":{"start":{"line":42,"column":12},"end":{"line":42,"column":49}},"17":{"start":{"line":47,"column":8},"end":{"line":53,"column":9}},"18":{"start":{"line":48,"column":28},"end":{"line":48,"column":81}},"19":{"start":{"line":49,"column":12},"end":{"line":49,"column":165}},"20":{"start":{"line":49,"column":48},"end":{"line":49,"column":162}},"21":{"start":{"line":52,"column":12},"end":{"line":52,"column":22}},"22":{"start":{"line":58,"column":8},"end":{"line":67,"column":9}},"23":{"start":{"line":59,"column":12},"end":{"line":59,"column":165}},"24":{"start":{"line":62,"column":12},"end":{"line":62,"column":23}},"25":{"start":{"line":66,"column":12},"end":{"line":66,"column":24}},"26":{"start":{"line":72,"column":8},"end":{"line":79,"column":9}},"27":{"start":{"line":73,"column":12},"end":{"line":73,"column":87}},"28":{"start":{"line":74,"column":12},"end":{"line":74,"column":23}},"29":{"start":{"line":78,"column":12},"end":{"line":78,"column":25}},"30":{"start":{"line":83,"column":8},"end":{"line":94,"column":9}},"31":{"start":{"line":84,"column":27},"end":{"line":84,"column":149}},"32":{"start":{"line":85,"column":12},"end":{"line":89,"column":13}},"33":{"start":{"line":86,"column":16},"end":{"line":86,"column":140}},"34":{"start":{"line":88,"column":16},"end":{"line":88,"column":30}},"35":{"start":{"line":92,"column":12},"end":{"line":92,"column":26}},"36":{"start":{"line":93,"column":12},"end":{"line":93,"column":24}},"37":{"start":{"line":98,"column":8},"end":{"line":110,"column":9}},"38":{"start":{"line":99,"column":28},"end":{"line":99,"column":137}},"39":{"start":{"line":100,"column":12},"end":{"line":106,"column":13}},"40":{"start":{"line":101,"column":16},"end":{"line":101,"column":154}},"41":{"start":{"line":102,"column":16},"end":{"line":102,"column":43}},"42":{"start":{"line":103,"column":16},"end":{"line":103,"column":27}},"43":{"start":{"line":105,"column":16},"end":{"line":105,"column":30}},"44":{"start":{"line":109,"column":12},"end":{"line":109,"column":24}},"45":{"start":{"line":163,"column":0},"end":{"line":163,"column":23}},"46":{"start":{"line":164,"column":0},"end":{"line":164,"column":13}},"47":{"start":{"line":166,"column":0},"end":{"line":166,"column":28}}},"fnMap":{"0":{"name":"(anonymous_0)","decl":{"start":{"line":18,"column":4},"end":{"line":18,"column":5}},"loc":{"start":{"line":18,"column":18},"end":{"line":22,"column":5}},"line":18},"1":{"name":"(anonymous_1)","decl":{"start":{"line":24,"column":4},"end":{"line":24,"column":5}},"loc":{"start":{"line":24,"column":20},"end":{"line":44,"column":5}},"line":24},"2":{"name":"(anonymous_2)","decl":{"start":{"line":46,"column":4},"end":{"line":46,"column":5}},"loc":{"start":{"line":46,"column":23},"end":{"line":55,"column":5}},"line":46},"3":{"name":"(anonymous_3)","decl":{"start":{"line":49,"column":36},"end":{"line":49,"column":37}},"loc":{"start":{"line":49,"column":48},"end":{"line":49,"column":162}},"line":49},"4":{"name":"(anonymous_4)","decl":{"start":{"line":57,"column":4},"end":{"line":57,"column":5}},"loc":{"start":{"line":57,"column":31},"end":{"line":68,"column":5}},"line":57},"5":{"name":"(anonymous_5)","decl":{"start":{"line":70,"column":4},"end":{"line":70,"column":5}},"loc":{"start":{"line":70,"column":28},"end":{"line":80,"column":5}},"line":70},"6":{"name":"(anonymous_6)","decl":{"start":{"line":82,"column":4},"end":{"line":82,"column":5}},"loc":{"start":{"line":82,"column":41},"end":{"line":95,"column":5}},"line":82},"7":{"name":"(anonymous_7)","decl":{"start":{"line":97,"column":4},"end":{"line":97,"column":5}},"loc":{"start":{"line":97,"column":53},"end":{"line":111,"column":5}},"line":97}},"branchMap":{"0":{"loc":{"start":{"line":26,"column":12},"end":{"line":39,"column":13}},"type":"if","locations":[{"start":{"line":26,"column":12},"end":{"line":39,"column":13}},{"start":{"line":26,"column":12},"end":{"line":39,"column":13}}],"line":26},"1":{"loc":{"start":{"line":85,"column":12},"end":{"line":89,"column":13}},"type":"if","locations":[{"start":{"line":85,"column":12},"end":{"line":89,"column":13}},{"start":{"line":85,"column":12},"end":{"line":89,"column":13}}],"line":85},"2":{"loc":{"start":{"line":100,"column":12},"end":{"line":106,"column":13}},"type":"if","locations":[{"start":{"line":100,"column":12},"end":{"line":106,"column":13}},{"start":{"line":100,"column":12},"end":{"line":106,"column":13}}],"line":100}},"s":{"0":1,"1":1,"2":1,"3":2,"4":2,"5":2,"6":3,"7":3,"8":3,"9":3,"10":3,"11":3,"12":3,"13":0,"14":0,"15":0,"16":0,"17":3,"18":3,"19":3,"20":10,"21":0,"22":5,"23":5,"24":4,"25":1,"26":2,"27":2,"28":1,"29":1,"30":3,"31":3,"32":3,"33":1,"34":2,"35":0,"36":0,"37":6,"38":6,"39":6,"40":4,"41":3,"42":3,"43":2,"44":1,"45":1,"46":1,"47":1},"f":{"0":2,"1":3,"2":3,"3":10,"4":5,"5":2,"6":3,"7":6},"b":{"0":[3,0],"1":[1,2],"2":[4,2]},"_coverageSchema":"1a1c01bbd47fc00a2c39e90264f33305004495a9","hash":"98fe287d4d18e238647af731c24dafa04a9dbd58"}
,"/Users/benlawrence/Desktop/Projects_Makes/Javascript_project/Chitter_JS/spec/setup_database.js": {"path":"/Users/benlawrence/Desktop/Projects_Makes/Javascript_project/Chitter_JS/spec/setup_database.js","statementMap":{"0":{"start":{"line":1,"column":17},"end":{"line":1,"column":30}},"1":{"start":{"line":3,"column":13},"end":{"line":6,"column":2}},"2":{"start":{"line":9,"column":4},"end":{"line":9,"column":18}},"3":{"start":{"line":10,"column":4},"end":{"line":10,"column":67}},"4":{"start":{"line":11,"column":4},"end":{"line":11,"column":66}},"5":{"start":{"line":14,"column":0},"end":{"line":14,"column":24}}},"fnMap":{"0":{"name":"setup","decl":{"start":{"line":8,"column":9},"end":{"line":8,"column":14}},"loc":{"start":{"line":8,"column":17},"end":{"line":12,"column":1}},"line":8}},"branchMap":{},"s":{"0":1,"1":1,"2":1,"3":1,"4":1,"5":1},"f":{"0":1},"b":{},"_coverageSchema":"1a1c01bbd47fc00a2c39e90264f33305004495a9","hash":"8e629941bb911558c73aa28fd87d25dad5ecebe6"}
}
