TN:
SF:constructor/chitter.js
FN:16,(anonymous_0)
FN:22,(anonymous_1)
FN:44,(anonymous_2)
FN:47,(anonymous_3)
FN:54,(anonymous_4)
FN:66,(anonymous_5)
FN:78,(anonymous_6)
FN:93,(anonymous_7)
FN:109,(anonymous_8)
FN:112,(anonymous_9)
FN:127,(anonymous_10)
FN:141,(anonymous_11)
FN:144,(anonymous_12)
FNF:13
FNH:10
FNDA:2,(anonymous_0)
FNDA:3,(anonymous_1)
FNDA:4,(anonymous_2)
FNDA:13,(anonymous_3)
FNDA:2,(anonymous_4)
FNDA:2,(anonymous_5)
FNDA:4,(anonymous_6)
FNDA:6,(anonymous_7)
FNDA:1,(anonymous_8)
FNDA:7,(anonymous_9)
FNDA:0,(anonymous_10)
FNDA:0,(anonymous_11)
FNDA:0,(anonymous_12)
DA:1,1
DA:2,1
DA:7,1
DA:17,2
DA:18,2
DA:19,2
DA:23,3
DA:24,3
DA:25,3
DA:26,3
DA:30,3
DA:31,3
DA:32,3
DA:34,0
DA:35,0
DA:36,0
DA:40,0
DA:45,4
DA:46,4
DA:47,13
DA:50,0
DA:55,2
DA:56,2
DA:57,1
DA:58,1
DA:62,1
DA:68,2
DA:69,2
DA:70,1
DA:74,1
DA:79,4
DA:80,4
DA:81,4
DA:82,1
DA:84,3
DA:88,0
DA:89,0
DA:94,6
DA:95,6
DA:96,6
DA:97,4
DA:98,3
DA:99,3
DA:101,2
DA:105,1
DA:111,1
DA:112,1
DA:113,7
DA:114,0
DA:115,0
DA:116,0
DA:121,0
DA:122,0
DA:128,0
DA:129,0
DA:130,0
DA:131,0
DA:132,0
DA:139,0
DA:142,0
DA:145,0
DA:147,0
DA:150,0
DA:151,0
DA:158,1
DA:159,1
DA:161,1
LF:67
LH:44
BRDA:24,0,0,3
BRDA:24,0,1,0
BRDA:81,1,0,1
BRDA:81,1,1,3
BRDA:96,2,0,4
BRDA:96,2,1,2
BRDA:113,3,0,0
BRDA:113,3,1,7
BRF:8
BRH:6
end_of_record
TN:
SF:spec/setup_database.js
FN:8,setup
FNF:1
FNH:1
FNDA:1,setup
DA:1,1
DA:3,1
DA:9,1
DA:10,1
DA:11,1
DA:14,1
LF:6
LH:6
BRF:0
BRH:0
end_of_record
