TN:
SF:constructor/chitter.js
FN:16,(anonymous_0)
FN:22,(anonymous_1)
FN:44,(anonymous_2)
FN:47,(anonymous_3)
FN:54,(anonymous_4)
FN:67,(anonymous_5)
FN:79,(anonymous_6)
FN:94,(anonymous_7)
FNF:8
FNH:8
FNDA:2,(anonymous_0)
FNDA:3,(anonymous_1)
FNDA:4,(anonymous_2)
FNDA:13,(anonymous_3)
FNDA:2,(anonymous_4)
FNDA:2,(anonymous_5)
FNDA:4,(anonymous_6)
FNDA:6,(anonymous_7)
DA:1,1
DA:2,1
DA:7,1
DA:17,2
DA:18,2
DA:19,2
DA:23,3
DA:24,3
DA:25,3
DA:26,3
DA:30,3
DA:31,3
DA:32,3
DA:34,0
DA:35,0
DA:36,0
DA:40,0
DA:45,4
DA:46,4
DA:47,13
DA:50,0
DA:55,2
DA:56,2
DA:59,1
DA:63,1
DA:69,2
DA:70,2
DA:71,1
DA:75,1
DA:80,4
DA:81,4
DA:82,4
DA:83,1
DA:85,3
DA:89,0
DA:90,0
DA:95,6
DA:96,6
DA:97,6
DA:98,4
DA:99,3
DA:100,3
DA:102,2
DA:106,1
DA:160,1
DA:161,1
DA:163,1
LF:47
LH:40
BRDA:24,0,0,3
BRDA:24,0,1,0
BRDA:82,1,0,1
BRDA:82,1,1,3
BRDA:97,2,0,4
BRDA:97,2,1,2
BRF:6
BRH:5
end_of_record
TN:
SF:spec/setup_database.js
FN:8,setup
FNF:1
FNH:1
FNDA:1,setup
DA:1,1
DA:3,1
DA:9,1
DA:10,1
DA:11,1
DA:14,1
LF:6
LH:6
BRF:0
BRH:0
end_of_record
